Arguments: 
  C:\Program Files\nodejs\node.exe C:\Users\nknig\AppData\Roaming\npm\node_modules\yarn\bin\yarn.js

PATH: 
  C:\Program Files\PowerShell\7;C:\Program Files\Microsoft\jdk-11.0.16.101-hotspot\bin;C:\Program Files\Common Files\Oracle\Java\javapath;C:\Windows\system32;C:\Windows;C:\Windows\System32\Wbem;C:\Windows\System32\WindowsPowerShell\v1.0\;C:\Windows\System32\OpenSSH\;C:\Program Files\Git\cmd;C:\Program Files\GitHub CLI\;C:\Program Files\PostgreSQL\15\bin\;C:\Users\nknig\AppData\Roaming\nvm;C:\Program Files\nodejs;C:\Program Files\PowerShell\7\;C:\Program Files (x86)\Common Files\Sony Shared\FeliCaLibrary;C:\Program Files\Common Files\Sony Shared\FeliCaLibrary;C:\Users\nknig\.cargo\bin;C:\Users\nknig\AppData\Local\Programs\Python\Python311\Scripts\;C:\Users\nknig\AppData\Local\Programs\Python\Python311\;C:\Users\nknig\AppData\Local\Microsoft\WindowsApps;C:\Users\nknig\.deno\bin;C:\Users\nknig\AppData\Roaming\npm;C:\Users\nknig\AppData\Local\Programs\oh-my-posh\bin;:\Program Files\Neovim\bin\nvim.exe\nvim.exe;C:\Users\nknig\AppData\Local\JetBrains\Toolbox\scripts;C:\Users\nknig\AppData\Local\Programs\Microsoft VS Code\bin;C:\Users\nknig\AppData\Local\Programs\EmEditor;C:\Users\nknig\.rustup\toolchains\stable-x86_64-pc-windows-msvc\bin\bin;C:\Users\nknig\flutter\bin\;C:\Users\nknig\AppData\Local\Programs\Neovim\bin

Yarn version: 
  1.22.19

Node version: 
  19.9.0

Platform: 
  win32 x64

Trace: 
  Error: connect ECONNREFUSED ::1:4873
      at TCPConnectWrap.afterConnect [as oncomplete] (node:net:1532:16)

npm manifest: 
  {
    "name": "projectv",
    "version": "0.5.1",
    "description": "",
    "type": "commonjs",
    "main": "./dist/server/server.js",
    "scripts": {
      "start": "tsc -p tsconfig.server.json && cross-env NODE_ENV=development node ./dist/server/server.js",
      "pre-build": "tsc -p tsconfig.server.json",
      "dev": "cross-env NODE_ENV=development nodemon",
      "prisma": "npx prisma studio "
    },
    "keywords": [],
    "author": "nknight_amamiya <n.knight.pc0627@gmail.com> (https://npm.pkg.github.com/nknight_amamiya)",
    "license": "MIT",
    "dependencies": {
      "@mui/material": "^5.12.1",
      "@mui/styled-engine-sc": "^5.12.0",
      "@nextui-org/react": "^1.0.0-beta.12",
      "@prisma/client": "^4.13.0",
      "@types/express": "^4.17.16",
      "@types/next": "^9.0.0",
      "@types/node": "^18.15.13",
      "@types/react": "^18.0.27",
      "@types/react-dom": "^18.0.10",
      "@types/styled-components": "^5.1.26",
      "cross-env": "^7.0.3",
      "express": "^4.18.2",
      "next": "^13.1.6",
      "react": "^18.2.0",
      "react-dom": "^18.2.0",
      "sass": "^1.57.1",
      "styled-components": "^5.3.9",
      "ts-node": "^10.9.1"
    },
    "devDependencies": {
      "nodemon": "^2.0.20",
      "typescript": "^5.0.4"
    }
  }

yarn manifest: 
  No manifest

Lockfile: 
  No lockfile
